make all --print-data-base --no-builtin-variables --no-builtin-rules --question
# GNU Make 4.2.1
# Built for x86_64-pc-linux-gnu
# Copyright (C) 1988-2016 Free Software Foundation, Inc.
# License GPLv3+: GNU GPL version 3 or later <http://gnu.org/licenses/gpl.html>
# This is free software: you are free to change and redistribute it.
# There is NO WARRANTY, to the extent permitted by law.

# Make data base, printed on Tue May  3 14:33:53 2022

# Variables

# automatic
<D = $(patsubst %/,%,$(dir $<))
# automatic
?F = $(notdir $?)
# environment
PAPERSIZE = letter
# default
.SHELLFLAGS := -c
# environment
XDG_SESSION_CLASS = user
# environment
VSCODE_AGENT_FOLDER = /home/michael/.vscode-server
# environment
XDG_SESSION_TYPE = tty
# environment
VSCODE_LOG_NATIVE = false
# automatic
?D = $(patsubst %/,%,$(dir $?))
# automatic
@D = $(patsubst %/,%,$(dir $@))
# automatic
@F = $(notdir $@)
# default
MAKE_VERSION := 4.2.1
# makefile (from 'Makefile', line 7)
Object := head.o entry.o main.o printk.o trap.o memory.o lib.o interrupt.o task.o cpu.o PIC.o keyboard.o mouse.o disk.o SMP.o APU_boot.o spinlock.o time.o HPET.o softirq.o timer.o schedule.o atomic.o semaphore.o fat32.o
# makefile
CURDIR := /home/michael/OStest
# makefile
SHELL = /bin/sh
# makefile (from 'Makefile', line 3)
APUNUM := 3
# environment
VSCODE_NLS_CONFIG = {"locale":"zh-cn","availableLanguages":{"*":"zh-cn"},"_languagePackId":"1a7316c624e1dd66d26cf581ee0fb4ca.zh-cn","_translationsConfigFile":"/home/michael/.vscode-server/data/clp/1a7316c624e1dd66d26cf581ee0fb4ca.zh-cn/tcf.json","_cacheRoot":"/home/michael/.vscode-server/data/clp/1a7316c624e1dd66d26cf581ee0fb4ca.zh-cn","_resolvedLanguagePackCoreLocation":"/home/michael/.vscode-server/data/clp/1a7316c624e1dd66d26cf581ee0fb4ca.zh-cn/dfd34e8260c270da74b5c2d86d61aee4b6d56977","_corruptedFile":"/home/michael/.vscode-server/data/clp/1a7316c624e1dd66d26cf581ee0fb4ca.zh-cn/corrupted.info","_languagePackSupport":true}
# environment
_ = /home/michael/.vscode-server/bin/dfd34e8260c270da74b5c2d86d61aee4b6d56977/node
# makefile (from 'Makefile', line 5)
CFLAGS := -mcmodel=large -fno-builtin -m64 -c -fno-stack-protector -g
# makefile (from 'Makefile', line 1)
MAKEFILE_LIST :=  Makefile
# 'override' directive
GNUMAKEFLAGS := 
 
# environment
MAKELEVEL := 0
# environment
XDG_DATA_DIRS = /usr/local/share:/usr/share:/var/lib/snapd/desktop
# environment
DBUS_SESSION_BUS_ADDRESS = unix:path=/run/user/1000/bus
# environment
VSCODE_VERBOSE_LOGGING = true
# environment
LESSOPEN = | /usr/bin/lesspipe %s
# environment
LC_NAME = en_US.UTF-8
# environment
VSCODE_CWD = /home/michael
# environment
SSH_CONNECTION = 169.231.223.52 59928 169.231.78.172 22
# environment
PATH = /home/michael/.vscode-server/bin/dfd34e8260c270da74b5c2d86d61aee4b6d56977/bin/remote-cli:/home/michael/.local/bin:/home/michael/.local/bin:/usr/local/sbin:/usr/local/bin:/usr/sbin:/usr/bin:/sbin:/bin:/usr/games:/usr/local/games:/snap/bin
# environment
XDG_RUNTIME_DIR = /run/user/1000
# environment
VSCODE_LOG_STACK = false
# environment
LC_NUMERIC = en_US.UTF-8
# environment
VSCODE_IPC_HOOK_CLI = /run/user/1000/vscode-ipc-9dd7819b-abd3-41e5-b176-48bb67c7565d.sock
# default
.FEATURES := target-specific order-only second-expansion else-if shortest-stem undefine oneshell archives jobserver output-sync check-symlink load
# environment
LS_COLORS = 
# automatic
%F = $(notdir $%)
# environment
VSCODE_PIPE_LOGGING = true
# environment
PWD = /home/michael/OStest
# default
.LOADED := 
# automatic
*D = $(patsubst %/,%,$(dir $*))
# environment
VSCODE_AMD_ENTRYPOINT = vs/workbench/api/node/extensionHostProcess
# environment
HOME = /home/michael
# environment
LESSCLOSE = /usr/bin/lesspipe %s %s
# environment
LOGNAME = michael
# environment
APPLICATION_INSIGHTS_NO_DIAGNOSTIC_CHANNEL = true
# automatic
+F = $(notdir $+)
# environment
VSCODE_HANDLES_UNCAUGHT_ERRORS = true
# automatic
^D = $(patsubst %/,%,$(dir $^))
# environment
LC_TIME = en_US.UTF-8
# default
MAKE = $(MAKE_COMMAND)
# default
MAKECMDGOALS := all
# environment
SHLVL = 1
# environment
XDG_SESSION_ID = 4
# environment
USER = michael
# environment
LC_MONETARY = en_US.UTF-8
# makefile
.DEFAULT_GOAL := all
# makefile (from 'Makefile', line 1)
PIC := APIC
# automatic
%D = $(patsubst %/,%,$(dir $%))
# environment
LC_TELEPHONE = en_US.UTF-8
# default
MAKE_COMMAND := make
# default
.VARIABLES := 
# automatic
*F = $(notdir $*)
# environment
LANGUAGE = en_US:en
# makefile
MAKEFLAGS = pqrR
# environment
MFLAGS = -pqrR
# environment
SSH_CLIENT = 169.231.223.52 59928 22
# automatic
+D = $(patsubst %/,%,$(dir $+))
# environment
BROWSER = /home/michael/.vscode-server/bin/dfd34e8260c270da74b5c2d86d61aee4b6d56977/bin/helpers/browser.sh
# default
MAKEFILES := 
# automatic
<F = $(notdir $<)
# automatic
^F = $(notdir $^)
# environment
LC_MEASUREMENT = en_US.UTF-8
# environment
LC_ALL = C
# environment
LC_PAPER = en_US.UTF-8
# default
SUFFIXES := 
# makefile (from 'Makefile', line 11)
QemuParameter := -cpu Nehalem,+x2apic -m 512 -enable-kvm -D ./log.txt -s -S -fda a.img -smp cores=3 -hda disk.img -boot order=a
# default
.INCLUDE_DIRS = /usr/include /usr/local/include /usr/include
# environment
LC_IDENTIFICATION = en_US.UTF-8
# default
.RECIPEPREFIX := 
# environment
LC_ADDRESS = en_US.UTF-8
# default
MAKE_HOST := x86_64-pc-linux-gnu
# environment
LANG = C
# environment
VSCODE_EXTHOST_WILL_SEND_SOCKET = true
# environment
MOTD_SHOWN = pam
# variable set hash-table stats:
# Load=85/1024=8%, Rehash=0, Collisions=13/116=11%

# Pattern-specific Variable Values

# No pattern-specific variable values.

# Directories

# . (device 66313, inode 525393): 68 files, no impossibilities.

# 68 files, no impossibilities in 1 directories.

# Implicit Rules

# No implicit rules.

# Files

semaphore.o: semaphore.c
#  Implicit rule search has not been done.
#  Modification time never checked.
#  File has not been updated.
#  recipe to execute (from 'Makefile', line 110):
	gcc  $(CFLAGS) semaphore.c

diskimg:
#  Implicit rule search has not been done.
#  Modification time never checked.
#  File has not been updated.
#  recipe to execute (from 'Makefile', line 26):
	qemu-img create -f raw disk.img 100M
	# 2 create primary partition: remember sync disk with "w" command at last

# Not a target:
cpu.c:
#  Implicit rule search has not been done.
#  Modification time never checked.
#  File has not been updated.

# Not a target:
interrupt.c:
#  Implicit rule search has not been done.
#  Modification time never checked.
#  File has not been updated.

head.o: head.S
#  Implicit rule search has not been done.
#  Implicit/static pattern stem: ''
#  File does not exist.
#  File has been updated.
#  Needs to be updated (-q is set).
# automatic
# @ := head.o
# automatic
# % := 
# automatic
# * := 
# automatic
# + := head.S
# automatic
# | := 
# automatic
# < := head.S
# automatic
# ^ := head.S
# automatic
# ? := head.S
# variable set hash-table stats:
# Load=8/32=25%, Rehash=0, Collisions=1/11=9%
#  recipe to execute (from 'Makefile', line 33):
	gcc -E  head.S > head.s
	as --64 -o head.o head.s

mouse.o: mouse.c
#  Implicit rule search has not been done.
#  Modification time never checked.
#  File has not been updated.
#  recipe to execute (from 'Makefile', line 76):
	gcc  $(CFLAGS) mouse.c

spinlock.o: spinlock.c
#  Implicit rule search has not been done.
#  Modification time never checked.
#  File has not been updated.
#  recipe to execute (from 'Makefile', line 89):
	gcc  $(CFLAGS) spinlock.c

# Not a target:
APIC.c:
#  Implicit rule search has not been done.
#  Modification time never checked.
#  File has not been updated.

task.o: task.c
#  Implicit rule search has not been done.
#  Modification time never checked.
#  File has not been updated.
#  recipe to execute (from 'Makefile', line 59):
	gcc  $(CFLAGS) task.c

# Not a target:
HPET.c:
#  Implicit rule search has not been done.
#  Modification time never checked.
#  File has not been updated.

all: system boot
#  Command line target.
#  Implicit rule search has not been done.
#  File does not exist.
#  File has been updated.
#  Needs to be updated (-q is set).
# variable set hash-table stats:
# Load=0/32=0%, Rehash=0, Collisions=0/3=0%
#  recipe to execute (from 'Makefile', line 16):
	objcopy --only-keep-debug system kernel.debug
	objcopy -I elf64-x86-64 -S -R ".eh_frame" -R ".comment" -O binary system kernel.bin
	dd if=boot/boot.bin of=a.img bs=512 count=1 conv=notrunc
	sudo mount -t msdos -o loop a.img /mnt/floppy/
	sudo cp -fv boot/loader.bin /mnt/floppy/
	sudo cp -fv kernel.bin /mnt/floppy/
	sudo umount /mnt/floppy/
	qemu-system-x86_64 $(QemuParameter)

# Not a target:
APU_boot.S:
#  Implicit rule search has not been done.
#  Modification time never checked.
#  File has not been updated.

# Not a target:
keyboard.c:
#  Implicit rule search has not been done.
#  Modification time never checked.
#  File has not been updated.

# Not a target:
main.c:
#  Implicit rule search has not been done.
#  Modification time never checked.
#  File has not been updated.

SMP.o: SMP.c
#  Implicit rule search has not been done.
#  Modification time never checked.
#  File has not been updated.
#  recipe to execute (from 'Makefile', line 82):
	gcc  $(CFLAGS) SMP.c

# Not a target:
trap.c:
#  Implicit rule search has not been done.
#  Modification time never checked.
#  File has not been updated.

# Not a target:
timer.c:
#  Implicit rule search has not been done.
#  Modification time never checked.
#  File has not been updated.

# Not a target:
.SUFFIXES:
#  Implicit rule search has not been done.
#  Modification time never checked.
#  File has not been updated.

printk.o: printk.c
#  Implicit rule search has not been done.
#  Modification time never checked.
#  File has not been updated.
#  recipe to execute (from 'Makefile', line 44):
	gcc  $(CFLAGS) printk.c

softirq.o: softirq.c
#  Implicit rule search has not been done.
#  Modification time never checked.
#  File has not been updated.
#  recipe to execute (from 'Makefile', line 98):
	gcc  $(CFLAGS) softirq.c

boot/loader.bin: boot/loader.asm
#  Implicit rule search has not been done.
#  Modification time never checked.
#  File has not been updated.
#  recipe to execute (from 'Makefile', line 118):
	nasm boot/loader.asm -o boot/loader.bin

# Not a target:
disk.c:
#  Implicit rule search has not been done.
#  Modification time never checked.
#  File has not been updated.

# Not a target:
Makefile:
#  Implicit rule search has been done.
#  Last modified 2022-05-03 14:33:24.757591482
#  File has been updated.
#  Successfully updated.

# Not a target:
semaphore.c:
#  Implicit rule search has not been done.
#  Modification time never checked.
#  File has not been updated.

# Not a target:
atomic.c:
#  Implicit rule search has not been done.
#  Modification time never checked.
#  File has not been updated.

# Not a target:
memory.c:
#  Implicit rule search has not been done.
#  Modification time never checked.
#  File has not been updated.

# Not a target:
schedule.c:
#  Implicit rule search has not been done.
#  Modification time never checked.
#  File has not been updated.

# Not a target:
head.S:
#  Implicit rule search has been done.
#  Last modified 2022-03-19 18:00:39.195163545
#  File has been updated.
#  Successfully updated.

entry.o: entry.S
#  Implicit rule search has not been done.
#  Modification time never checked.
#  File has not been updated.
#  recipe to execute (from 'Makefile', line 37):
	gcc -E  entry.S > entry.s
	as --64 -o entry.o entry.s

# Not a target:
mouse.c:
#  Implicit rule search has not been done.
#  Modification time never checked.
#  File has not been updated.

# Not a target:
spinlock.c:
#  Implicit rule search has not been done.
#  Modification time never checked.
#  File has not been updated.

# Not a target:
task.c:
#  Implicit rule search has not been done.
#  Modification time never checked.
#  File has not been updated.

time.o: time.c
#  Implicit rule search has not been done.
#  Modification time never checked.
#  File has not been updated.
#  recipe to execute (from 'Makefile', line 92):
	gcc  $(CFLAGS) time.c

lib.o: lib.c
#  Implicit rule search has not been done.
#  Modification time never checked.
#  File has not been updated.
#  recipe to execute (from 'Makefile', line 53):
	gcc  $(CFLAGS) lib.c

# Not a target:
SMP.c:
#  Implicit rule search has not been done.
#  Modification time never checked.
#  File has not been updated.

# Not a target:
 
.DEFAULT:
#  Implicit rule search has not been done.
#  Modification time never checked.
#  File has not been updated.

# Not a target:
printk.c:
#  Implicit rule search has not been done.
#  Modification time never checked.
#  File has not been updated.

# Not a target:
entry.S:
#  Implicit rule search has not been done.
#  Modification time never checked.
#  File has not been updated.

# Not a target:
softirq.c:
#  Implicit rule search has not been done.
#  Modification time never checked.
#  File has not been updated.

# Not a target:
fat32.c:
#  Implicit rule search has not been done.
#  Modification time never checked.
#  File has not been updated.

PIC.o: APIC.c
#  Implicit rule search has not been done.
#  Modification time never checked.
#  File has not been updated.
#  recipe to execute (from 'Makefile', line 66):
	gcc  $(CFLAGS) APIC.c -o PIC.o

clean:
#  Implicit rule search has not been done.
#  Modification time never checked.
#  File has not been updated.
#  recipe to execute (from 'Makefile', line 124):
	rm -rf *.s *.bin *.o *.txt system *.i *.debug
	rm boot/*.bin

cpu.o: cpu.c
#  Implicit rule search has not been done.
#  Modification time never checked.
#  File has not been updated.
#  recipe to execute (from 'Makefile', line 62):
	gcc  $(CFLAGS) cpu.c

interrupt.o: interrupt.c
#  Implicit rule search has not been done.
#  Modification time never checked.
#  File has not been updated.
#  recipe to execute (from 'Makefile', line 56):
	gcc  $(CFLAGS) interrupt.c

schedule.o: schedule.c
#  Implicit rule search has not been done.
#  Modification time never checked.
#  File has not been updated.
#  recipe to execute (from 'Makefile', line 104):
	gcc  $(CFLAGS) schedule.c

fat32.o: fat32.c
#  Implicit rule search has not been done.
#  Modification time never checked.
#  File has not been updated.
#  recipe to execute (from 'Makefile', line 113):
	gcc  $(CFLAGS) fat32.c

HPET.o: HPET.c
#  Implicit rule search has not been done.
#  Modification time never checked.
#  File has not been updated.
#  recipe to execute (from 'Makefile', line 95):
	gcc  $(CFLAGS) HPET.c

APU_boot.o: APU_boot.S
#  Implicit rule search has not been done.
#  Modification time never checked.
#  File has not been updated.
#  recipe to execute (from 'Makefile', line 85):
	gcc -E  APU_boot.S > APU_boot.s
	as --64 -o APU_boot.o APU_boot.s

keyboard.o: keyboard.c
#  Implicit rule search has not been done.
#  Modification time never checked.
#  File has not been updated.
#  recipe to execute (from 'Makefile', line 73):
	gcc  $(CFLAGS) keyboard.c

main.o: main.c
#  Implicit rule search has not been done.
#  Modification time never checked.
#  File has not been updated.
#  recipe to execute (from 'Makefile', line 41):
	gcc  $(CFLAGS) main.c -D$(PIC) -D APUNUM=$(APUNUM)

boot: boot/loader.bin boot/boot.bin
#  Implicit rule search has not been done.
#  Modification time never checked.
#  File has not been updated.

# Not a target:
time.c:
#  Implicit rule search has not been done.
#  Modification time never checked.
#  File has not been updated.

# Not a target:
lib.c:
#  Implicit rule search has not been done.
#  Modification time never checked.
#  File has not been updated.

trap.o: trap.c
#  Implicit rule search has not been done.
#  Modification time never checked.
#  File has not been updated.
#  recipe to execute (from 'Makefile', line 47):
	gcc  $(CFLAGS) trap.c

timer.o: timer.c
#  Implicit rule search has not been done.
#  Modification time never checked.
#  File has not been updated.
#  recipe to execute (from 'Makefile', line 101):
	gcc  $(CFLAGS) timer.c

disk.o: disk.c
#  Implicit rule search has not been done.
#  Modification time never checked.
#  File has not been updated.
#  recipe to execute (from 'Makefile', line 79):
	gcc  $(CFLAGS) disk.c

boot/boot.bin: boot/boot.bin
#  Implicit rule search has not been done.
#  Modification time never checked.
#  File has not been updated.
#  recipe to execute (from 'Makefile', line 121):
	nasm boot/boot.asm -o boot/boot.bin

# Not a target:
boot/loader.asm:
#  Implicit rule search has not been done.
#  Modification time never checked.
#  File has not been updated.

atomic.o: atomic.c
#  Implicit rule search has not been done.
#  Modification time never checked.
#  File has not been updated.
#  recipe to execute (from 'Makefile', line 107):
	gcc  $(CFLAGS) atomic.c

memory.o: memory.c
#  Implicit rule search has not been done.
#  Modification time never checked.
#  File has not been updated.
#  recipe to execute (from 'Makefile', line 50):
	gcc  $(CFLAGS) memory.c

system: head.o entry.o main.o printk.o trap.o memory.o lib.o interrupt.o task.o cpu.o PIC.o keyboard.o mouse.o disk.o SMP.o APU_boot.o spinlock.o time.o HPET.o softirq.o timer.o schedule.o atomic.o semaphore.o fat32.o
#  Implicit rule search has not been done.
#  File does not exist.
#  File has been updated.
#  Needs to be updated (-q is set).
# variable set hash-table stats:
# Load=0/32=0%, Rehash=0, Collisions=0/3=0%
#  recipe to execute (from 'Makefile', line 30):
	ld -b elf64-x86-64 -z muldefs -o system $(Object) -T Kernel.lds 

# files hash-table stats:
# Load=61/1024=6%, Rehash=0, Collisions=20/158=13%
# VPATH Search Paths

# No 'vpath' search paths.

# No general ('VPATH' variable) search path.

# strcache buffers: 1 (0) / strings = 104 / storage = 886 B / avg = 8 B
# current buf: size = 8162 B / used = 886 B / count = 104 / avg = 8 B

# strcache performance: lookups = 198 / hit rate = 47%
# hash-table stats:
# Load=104/8192=1%, Rehash=0, Collisions=6/198=3%
# Finished Make data base on Tue May  3 14:33:53 2022

 
